#
# A fatal error has been detected by the Java Runtime Environment:
#
#  EXCEPTION_ACCESS_VIOLATION (0xc0000005) at pc=0x6cacd766, pid=4036, tid=3044
#
# JRE version: Java(TM) SE Runtime Environment (8.0_40-b26) (build 1.8.0_40-b26)
# Java VM: Java HotSpot(TM) Client VM (25.40-b25 mixed mode windows-x86 )
# Problematic frame:
# V  [jvm.dll+0x7d766]
#
# Failed to write core dump. Minidumps are not enabled by default on client versions of Windows
#
# If you would like to submit a bug report, please visit:
#   http://bugreport.java.com/bugreport/crash.jsp
#

---------------  T H R E A D  ---------------

Current thread (0x0288bc00):  JavaThread "main" [_thread_in_vm, id=3044, stack(0x027a0000,0x027f0000)]

siginfo: ExceptionCode=0xc0000005, reading address 0x08080807

Registers:
EAX=0x08080803, EBX=0x6cd2c14c, ECX=0x027eb820, EDX=0x00000005
ESP=0x027eb804, EBP=0x027eb804, ESI=0x02886b10, EDI=0x0288bc00
EIP=0x6cacd766, EFLAGS=0x00010293

Top of Stack: (sp=0x027eb804)
0x027eb804:   027eb8c8 6cb2ad27 08080803 0288bc00
0x027eb814:   0288bd40 0288bc00 00000000 00000000
0x027eb824:   00000000 00000000 00000000 00000000
0x027eb834:   00000000 00000000 00000000 00000000
0x027eb844:   00000000 00000000 00000000 00000003
0x027eb854:   027eb90c 0288bd40 00000000 0288bf60
0x027eb864:   0288bf68 0288c354 000003ec 08080803
0x027eb874:   0288bc00 027eb8f0 0288c368 00000000 

Instructions: (pc=0x6cacd766)
0x6cacd746:   8b ce e8 53 97 0f 00 5f 5e 5b 8b e5 5d c3 cc cc
0x6cacd756:   cc cc cc cc cc cc cc cc cc cc 55 8b ec 8b 45 08
0x6cacd766:   8b 40 04 8b 50 08 53 56 8b f1 0f b7 48 1a 8b 44
0x6cacd776:   8a 2c 57 50 8b ce e8 7f 03 0f 00 8d 4e 24 8d 55 


Register to memory mapping:

EAX=0x08080803 is an unallocated location in the heap
EBX=0x6cd2c14c is an unknown value
ECX=0x027eb820 is pointing into the stack for thread: 0x0288bc00
EDX=0x00000005 is an unknown value
ESP=0x027eb804 is pointing into the stack for thread: 0x0288bc00
EBP=0x027eb804 is pointing into the stack for thread: 0x0288bc00
ESI=0x02886b10 is an unknown value
EDI=0x0288bc00 is a thread


Stack: [0x027a0000,0x027f0000],  sp=0x027eb804,  free space=302k
Native frames: (J=compiled Java code, j=interpreted, Vv=VM code, C=native code)
V  [jvm.dll+0x7d766]
V  [jvm.dll+0xdad27]
V  [jvm.dll+0xddb98]
C  [lwjgl.dll+0x4045]
C  [lwjgl.dll+0xeb61]
C  [lwjgl.dll+0x51ee]
C  [lwjgl.dll+0x72c5]
j  net.guerra24.voxel.client.engine.DisplayManager.getCurrentTime()J+0
j  net.guerra24.voxel.client.engine.DisplayManager.createDisplay()V+103
j  net.guerra24.voxel.client.StartClient.StartGame()V+0
j  net.guerra24.voxel.client.StartClient.main([Ljava/lang/String;)V+0
v  ~StubRoutines::call_stub
V  [jvm.dll+0x155c05]
V  [jvm.dll+0x21b0be]
V  [jvm.dll+0x155c9e]
V  [jvm.dll+0xdab27]
V  [jvm.dll+0xe30cf]
C  [javaw.exe+0x229a]
C  [javaw.exe+0xadff]
C  [javaw.exe+0xae89]
C  [KERNEL32.DLL+0x15624]
C  [ntdll.dll+0x5e100]
C  [ntdll.dll+0x5e0cb]
C  0x00000000

Java frames: (J=compiled Java code, j=interpreted, Vv=VM code)
j  org.lwjgl.glfw.GLFW.glfwGetTime()D+0
j  net.guerra24.voxel.client.engine.DisplayManager.getCurrentTime()J+0
j  net.guerra24.voxel.client.engine.DisplayManager.createDisplay()V+103
j  net.guerra24.voxel.client.StartClient.StartGame()V+0
j  net.guerra24.voxel.client.StartClient.main([Ljava/lang/String;)V+0
v  ~StubRoutines::call_stub

---------------  P R O C E S S  ---------------

Java Threads: ( => current thread )
  0x150a4400 JavaThread "Service Thread" daemon [_thread_blocked, id=4692, stack(0x15570000,0x155c0000)]
  0x15085400 JavaThread "C1 CompilerThread0" daemon [_thread_blocked, id=1724, stack(0x154e0000,0x15530000)]
  0x15084400 JavaThread "Attach Listener" daemon [_thread_blocked, id=5684, stack(0x15450000,0x154a0000)]
  0x15082400 JavaThread "Signal Dispatcher" daemon [_thread_blocked, id=3684, stack(0x153c0000,0x15410000)]
  0x15066800 JavaThread "Finalizer" daemon [_thread_blocked, id=4404, stack(0x15330000,0x15380000)]
  0x02a5e800 JavaThread "Reference Handler" daemon [_thread_blocked, id=3112, stack(0x152a0000,0x152f0000)]
=>0x0288bc00 JavaThread "main" [_thread_in_vm, id=3044, stack(0x027a0000,0x027f0000)]

Other Threads:
  0x02a5c000 VMThread [stack: 0x04b90000,0x04be0000] [id=1872]
  0x150aa000 WatcherThread [stack: 0x15600000,0x15650000] [id=5328]

VM state:not at safepoint (normal execution)

VM Mutex/Monitor currently owned by a thread: None

Heap:
 def new generation   total 4928K, used 2600K [0x04c00000, 0x05150000, 0x0a150000)
  eden space 4416K,  58% used [0x04c00000, 0x04e8a248, 0x05050000)
  from space 512K,   0% used [0x05050000, 0x05050000, 0x050d0000)
  to   space 512K,   0% used [0x050d0000, 0x050d0000, 0x05150000)
 tenured generation   total 10944K, used 0K [0x0a150000, 0x0ac00000, 0x14c00000)
   the space 10944K,   0% used [0x0a150000, 0x0a150000, 0x0a150200, 0x0ac00000)
 Metaspace       used 2573K, capacity 2614K, committed 2624K, reserved 4480K

Card table byte_map: [0x04a60000,0x04af0000] byte_map_base: 0x04a3a000

Polling page: 0x01040000

CodeCache: size=32768Kb used=760Kb max_used=760Kb free=32007Kb
 bounds [0x02a60000, 0x02b20000, 0x04a60000]
 total_blobs=209 nmethods=52 adapters=89
 compilation: enabled

Compilation events (10 events):
Event: 0.232 Thread 0x15085400   48   !         java.util.concurrent.ConcurrentHashMap::transfer (832 bytes)
Event: 0.234 Thread 0x15085400 nmethod 48 0x02b1a148 code [0x02b1a320, 0x02b1b2d8]
Event: 0.240 Thread 0x15085400   49             java.lang.String::indexOf (7 bytes)
Event: 0.241 Thread 0x15085400 nmethod 49 0x02b1d308 code [0x02b1d400, 0x02b1d49c]
Event: 0.241 Thread 0x15085400   50             java.lang.String::getChars (62 bytes)
Event: 0.242 Thread 0x15085400 nmethod 50 0x02b1d508 code [0x02b1d640, 0x02b1d860]
Event: 0.248 Thread 0x15085400   51             java.lang.AbstractStringBuilder::append (50 bytes)
Event: 0.249 Thread 0x15085400 nmethod 51 0x02b1da48 code [0x02b1db60, 0x02b1dca4]
Event: 0.255 Thread 0x15085400   52             java.util.ArrayList::size (5 bytes)
Event: 0.256 Thread 0x15085400 nmethod 52 0x02b1de08 code [0x02b1df00, 0x02b1df80]

GC Heap History (0 events):
No events

Deoptimization events (0 events):
No events

Internal exceptions (6 events):
Event: 0.048 Thread 0x0288bc00 Exception <a 'java/lang/NoSuchMethodError': Method sun.misc.Unsafe.defineClass(Ljava/lang/String;[BII)Ljava/lang/Class; name or signature does not match> (0x04c0b5c0) thrown at [C:\re\workspace\8-2-build-windows-i586-cygwin\jdk8u40\3098\hotspot\src\share\vç?y¨?
Event: 0.048 Thread 0x0288bc00 Exception <a 'java/lang/NoSuchMethodError': Method sun.misc.Unsafe.prefetchRead(Ljava/lang/Object;J)V name or signature does not match> (0x04c0b840) thrown at [C:\re\workspace\8-2-build-windows-i586-cygwin\jdk8u40\3098\hotspot\src\share\vm\prims\jni.cpp, l¦÷¢©È?
Event: 0.188 Thread 0x0288bc00 Exception <a 'java/security/PrivilegedActionException'> (0x04cf8880) thrown at [C:\re\workspace\8-2-build-windows-i586-cygwin\jdk8u40\3098\hotspot\src\share\vm\prims\jvm.cpp, line 1382]
Event: 0.188 Thread 0x0288bc00 Exception <a 'java/security/PrivilegedActionException'> (0x04cf8bc0) thrown at [C:\re\workspace\8-2-build-windows-i586-cygwin\jdk8u40\3098\hotspot\src\share\vm\prims\jvm.cpp, line 1382]
Event: 0.189 Thread 0x0288bc00 Exception <a 'java/security/PrivilegedActionException'> (0x04cfcc00) thrown at [C:\re\workspace\8-2-build-windows-i586-cygwin\jdk8u40\3098\hotspot\src\share\vm\prims\jvm.cpp, line 1382]
Event: 0.189 Thread 0x0288bc00 Exception <a 'java/security/PrivilegedActionException'> (0x04cfcf40) thrown at [C:\re\workspace\8-2-build-windows-i586-cygwin\jdk8u40\3098\hotspot\src\share\vm\prims\jvm.cpp, line 1382]

Events (10 events):
Event: 0.255 loading class org/lwjgl/glfw/GLFW$10
Event: 0.255 loading class org/lwjgl/glfw/GLFW$10 done
Event: 0.255 loading class org/lwjgl/glfw/GLFWCharCallback
Event: 0.255 loading class org/lwjgl/glfw/GLFWCharCallback done
Event: 0.256 loading class org/lwjgl/glfw/GLFW$11
Event: 0.256 loading class org/lwjgl/glfw/GLFW$11 done
Event: 0.257 loading class sun/reflect/UnsafeQualifiedStaticIntegerFieldAccessorImpl
Event: 0.257 loading class sun/reflect/UnsafeQualifiedStaticIntegerFieldAccessorImpl done
Event: 0.594 loading class org/lwjgl/glfw/GLFWvidmode
Event: 0.594 loading class org/lwjgl/glfw/GLFWvidmode done


Dynamic libraries:
0x001f0000 - 0x00223000 	C:\Program Files (x86)\Java\jre1.8.0_40\bin\javaw.exe
0x77490000 - 0x7760b000 	C:\WINDOWS\SYSTEM32\ntdll.dll
0x74ac0000 - 0x74bb0000 	C:\WINDOWS\SYSTEM32\KERNEL32.DLL
0x77310000 - 0x77484000 	C:\WINDOWS\SYSTEM32\KERNELBASE.dll
0x755f0000 - 0x7566a000 	C:\WINDOWS\SYSTEM32\ADVAPI32.dll
0x749f0000 - 0x74aae000 	C:\WINDOWS\SYSTEM32\msvcrt.dll
0x74950000 - 0x74992000 	C:\WINDOWS\SYSTEM32\sechost.dll
0x748a0000 - 0x7494c000 	C:\WINDOWS\SYSTEM32\RPCRT4.dll
0x747e0000 - 0x747fe000 	C:\WINDOWS\SYSTEM32\SspiCli.dll
0x747d0000 - 0x747da000 	C:\WINDOWS\SYSTEM32\CRYPTBASE.dll
0x74770000 - 0x747c7000 	C:\WINDOWS\SYSTEM32\bcryptPrimitives.dll
0x759a0000 - 0x75afd000 	C:\WINDOWS\SYSTEM32\USER32.dll
0x75e10000 - 0x75f5c000 	C:\WINDOWS\SYSTEM32\GDI32.dll
0x74250000 - 0x7445f000 	C:\WINDOWS\WinSxS\x86_microsoft.windows.common-controls_6595b64144ccf1df_6.0.10041.0_none_ca3d8e05741f4634\COMCTL32.dll
0x74bc0000 - 0x74bea000 	C:\WINDOWS\SYSTEM32\IMM32.DLL
0x75cf0000 - 0x75e0d000 	C:\WINDOWS\SYSTEM32\MSCTF.dll
0x752a0000 - 0x75333000 	C:\WINDOWS\SYSTEM32\OLEAUT32.dll
0x75670000 - 0x7580d000 	C:\WINDOWS\SYSTEM32\combase.dll
0x6c5c0000 - 0x6c67f000 	C:\Program Files (x86)\Java\jre1.8.0_40\bin\msvcr100.dll
0x6ca50000 - 0x6ce10000 	C:\Program Files (x86)\Java\jre1.8.0_40\bin\client\jvm.dll
0x753d0000 - 0x753d6000 	C:\WINDOWS\SYSTEM32\PSAPI.DLL
0x6ab70000 - 0x6ab78000 	C:\WINDOWS\SYSTEM32\WSOCK32.dll
0x74cf0000 - 0x74d40000 	C:\WINDOWS\SYSTEM32\WS2_32.dll
0x755e0000 - 0x755e7000 	C:\WINDOWS\SYSTEM32\NSI.dll
0x74550000 - 0x74574000 	C:\WINDOWS\SYSTEM32\WINMM.dll
0x74760000 - 0x74768000 	C:\WINDOWS\SYSTEM32\VERSION.dll
0x744f0000 - 0x74513000 	C:\WINDOWS\SYSTEM32\WINMMBASE.dll
0x77280000 - 0x772b6000 	C:\WINDOWS\SYSTEM32\cfgmgr32.dll
0x746c0000 - 0x746e1000 	C:\WINDOWS\SYSTEM32\DEVOBJ.dll
0x71af0000 - 0x71afc000 	C:\Program Files (x86)\Java\jre1.8.0_40\bin\verify.dll
0x70260000 - 0x70281000 	C:\Program Files (x86)\Java\jre1.8.0_40\bin\java.dll
0x70160000 - 0x70173000 	C:\Program Files (x86)\Java\jre1.8.0_40\bin\zip.dll
0x75f60000 - 0x77215000 	C:\WINDOWS\SYSTEM32\SHELL32.dll
0x74eb0000 - 0x75274000 	C:\WINDOWS\SYSTEM32\windows.storage.dll
0x753e0000 - 0x75423000 	C:\WINDOWS\SYSTEM32\shlwapi.dll
0x74ab0000 - 0x74aba000 	C:\WINDOWS\SYSTEM32\kernel.appcore.dll
0x74c50000 - 0x74cd7000 	C:\WINDOWS\SYSTEM32\shcore.dll
0x749a0000 - 0x749e3000 	C:\WINDOWS\SYSTEM32\powrprof.dll
0x73890000 - 0x7389f000 	C:\WINDOWS\SYSTEM32\profapi.dll
0x6c560000 - 0x6c5ba000 	C:\Users\pablo\git\Voxel\library\native\windows\x86\lwjgl.dll
0x6c480000 - 0x6c560000 	C:\WINDOWS\SYSTEM32\OPENGL32.dll
0x6c450000 - 0x6c475000 	C:\WINDOWS\SYSTEM32\GLU32.dll
0x6bdb0000 - 0x6be9b000 	C:\WINDOWS\SYSTEM32\DDRAW.dll
0x6c440000 - 0x6c447000 	C:\WINDOWS\SYSTEM32\DCIMAN32.dll
0x73ba0000 - 0x73c0b000 	C:\WINDOWS\system32\uxtheme.dll
0x73a50000 - 0x73a6b000 	C:\WINDOWS\SYSTEM32\dwmapi.dll
0x73800000 - 0x73887000 	C:\WINDOWS\SYSTEM32\dcomp.dll
0x5edb0000 - 0x604ec000 	C:\WINDOWS\SYSTEM32\nvoglv32.DLL
0x75430000 - 0x755d2000 	C:\WINDOWS\SYSTEM32\SETUPAPI.dll
0x74520000 - 0x7452f000 	C:\WINDOWS\SYSTEM32\WTSAPI32.dll
0x75bc0000 - 0x75bfe000 	C:\WINDOWS\SYSTEM32\WINTRUST.dll
0x75810000 - 0x759a0000 	C:\WINDOWS\SYSTEM32\CRYPT32.dll
0x74ce0000 - 0x74cee000 	C:\WINDOWS\SYSTEM32\MSASN1.dll
0x74690000 - 0x746b8000 	C:\WINDOWS\SYSTEM32\ntmarta.dll
0x73a00000 - 0x73a44000 	C:\WINDOWS\SYSTEM32\WINSTA.dll
0x75c00000 - 0x75ce3000 	C:\WINDOWS\SYSTEM32\ole32.dll
0x6aca0000 - 0x6add9000 	C:\WINDOWS\SYSTEM32\dbghelp.dll

VM Arguments:
jvm_args: -Djava.library.path=C:\Users\pablo\git\Voxel\library\native\windows\x86 -Dfile.encoding=Cp1252 
java_command: net.guerra24.voxel.client.StartClient
java_class_path (initial): C:\Users\pablo\git\Voxel\bin;C:\Users\pablo\git\Voxel\library\jar\lwjgl.jar;C:\Users\pablo\git\Voxel\library\jar\slick-util.jar;C:\Users\pablo\git\Voxel\library\jar\PNGDecoder.jar
Launcher Type: SUN_STANDARD

Environment Variables:
JAVA_HOME=C:\Program Files (x86)\Java\jdk1.8.0_40
PATH=C:/Program Files (x86)/Java/jre1.8.0_40/bin/client;C:/Program Files (x86)/Java/jre1.8.0_40/bin;C:/Program Files (x86)/Java/jre1.8.0_40/lib/i386;C:\ProgramData\Oracle\Java\javapath;C:\Perl64\site\bin;C:\Perl64\bin;C:\Program Files (x86)\NVIDIA Corporation\PhysX\Common;C:\WINDOWS\system32;C:\WINDOWS;C:\WINDOWS\System32\Wbem;C:\WINDOWS\System32\WindowsPowerShell\v1.0\;C:\gource;C:\Program Files\TortoiseSVN\bin;C:\Program Files (x86)\Java\jdk1.8.0_40;C:\Program Files (x86)\Git\cmd;;C:\Users\pablo\Desktop\eclipse;
USERNAME=pablo
OS=Windows_NT
PROCESSOR_IDENTIFIER=Intel64 Family 6 Model 23 Stepping 10, GenuineIntel



---------------  S Y S T E M  ---------------

OS: Windows 10.0 , 64 bit Build 10041 (10.0.10041.0)

CPU:total 2 (2 cores per cpu, 1 threads per core) family 6 model 23 stepping 10, cmov, cx8, fxsr, mmx, sse, sse2, sse3, ssse3, tsc

Memory: 4k page, physical 2096436k(599932k free), swap 6240564k(3868644k free)

vm_info: Java HotSpot(TM) Client VM (25.40-b25) for windows-x86 JRE (1.8.0_40-b26), built on Mar  7 2015 13:51:08 by "java_re" with MS VC++ 10.0 (VS2010)

time: Sat Apr 04 18:47:40 2015
elapsed time: 0 seconds (0d 0h 0m 0s)

